<?xml version="1.0" encoding="UTF-8"?>
<!-- Generated by org.testng.reporters.JUnitReportReporter -->
<testsuite hostname="DESKTOP-7AKMRUB" failures="0" tests="3" name="com.hrms.testCases.TC_UserProfile_PersonalInfo" time="47.086" errors="0" timestamp="2023-08-21T19:27:13 IST" skipped="0">
  <testcase classname="com.hrms.testCases.TC_UserProfile_PersonalInfo" name="test_Login" time="3.613"/>
  <testcase classname="com.hrms.testCases.TC_UserProfile_PersonalInfo" name="test_UsersProfile_PersonalInfo" time="34.359"/>
  <testcase classname="com.hrms.testCases.TC_UserProfile_PersonalInfo" name="test_Logout" time="9.114"/>
</testsuite> <!-- com.hrms.testCases.TC_UserProfile_PersonalInfo -->
