<?xml version="1.0" encoding="UTF-8"?>
<!-- Generated by org.testng.reporters.JUnitReportReporter -->
<testsuite hostname="DESKTOP-7AKMRUB" failures="0" tests="7" name="com.hrms.testCases.TC_ManageLeaveTypes" time="109.594" errors="0" timestamp="2023-08-15T00:27:10 IST" skipped="0">
  <testcase classname="com.hrms.testCases.TC_ManageLeaveTypes" name="test_Login" time="12.613"/>
  <testcase classname="com.hrms.testCases.TC_ManageLeaveTypes" name="test_CreateLeaveType" time="12.126"/>
  <testcase classname="com.hrms.testCases.TC_ManageLeaveTypes" name="test_ActivateLeaveTypes" time="13.912"/>
  <testcase classname="com.hrms.testCases.TC_ManageLeaveTypes" name="test_EditLeaveTypes" time="18.696"/>
  <testcase classname="com.hrms.testCases.TC_ManageLeaveTypes" name="test_DeActivateLeaveTypes" time="15.981"/>
  <testcase classname="com.hrms.testCases.TC_ManageLeaveTypes" name="test_DeleteLeaveTypes" time="19.829"/>
  <testcase classname="com.hrms.testCases.TC_ManageLeaveTypes" name="test_Logout" time="16.437"/>
</testsuite> <!-- com.hrms.testCases.TC_ManageLeaveTypes -->
