<?xml version="1.0" encoding="UTF-8"?>
<!-- Generated by org.testng.reporters.JUnitReportReporter -->
<testsuite hostname="DESKTOP-7AKMRUB" failures="0" tests="2" name="com.hrms.testCases.TC_LoginAndLogout" time="12.978" errors="0" timestamp="2023-08-03T16:39:23 IST" skipped="0">
  <testcase classname="com.hrms.testCases.TC_LoginAndLogout" name="test_Login" time="9.617"/>
  <testcase classname="com.hrms.testCases.TC_LoginAndLogout" name="test_Logout" time="3.361"/>
</testsuite> <!-- com.hrms.testCases.TC_LoginAndLogout -->
