<?xml version="1.0" encoding="UTF-8"?>
<!-- Generated by org.testng.reporters.JUnitReportReporter -->
<testsuite hostname="DESKTOP-7AKMRUB" failures="0" tests="2" name="com.hrms.testCases.TC_LoginAndLogout" time="12.971" errors="0" timestamp="2023-08-04T23:01:29 IST" skipped="0">
  <testcase classname="com.hrms.testCases.TC_LoginAndLogout" name="test_Logout" time="3.305"/>
  <testcase classname="com.hrms.testCases.TC_LoginAndLogout" name="test_Login" time="9.666"/>
</testsuite> <!-- com.hrms.testCases.TC_LoginAndLogout -->
