<?xml version="1.0" encoding="UTF-8"?>
<!-- Generated by org.testng.reporters.JUnitReportReporter -->
<testsuite hostname="DESKTOP-7AKMRUB" failures="0" tests="3" name="com.hrms.testCases.TC_AssetsTypes" time="27.780" errors="0" timestamp="2023-08-24T10:16:13 IST" skipped="0">
  <testcase classname="com.hrms.testCases.TC_AssetsTypes" name="test_Login" time="7.324"/>
  <testcase classname="com.hrms.testCases.TC_AssetsTypes" name="test_CreateAssetsTypes" time="15.170"/>
  <testcase classname="com.hrms.testCases.TC_AssetsTypes" name="test_Logout" time="5.286"/>
</testsuite> <!-- com.hrms.testCases.TC_AssetsTypes -->
