<?xml version="1.0" encoding="UTF-8"?>
<!-- Generated by org.testng.reporters.JUnitReportReporter -->
<testsuite hostname="DESKTOP-7AKMRUB" failures="0" tests="2" name="com.hrms.testCases.TC_Assets" time="74.225" errors="0" timestamp="2023-08-24T11:12:56 IST" skipped="0">
  <testcase classname="com.hrms.testCases.TC_Assets" name="test_Login" time="2.356"/>
  <testcase classname="com.hrms.testCases.TC_Assets" name="test_CreateAssets" time="71.869"/>
</testsuite> <!-- com.hrms.testCases.TC_Assets -->
