<?xml version="1.0" encoding="UTF-8"?>
<!-- Generated by org.testng.reporters.JUnitReportReporter -->
<testsuite hostname="DESKTOP-7AKMRUB" failures="0" tests="4" name="com.hrms.testCases.TC_UserProfile_CompleteDetails" time="47.497" errors="0" timestamp="2023-08-21T14:18:40 IST" skipped="0">
  <testcase classname="com.hrms.testCases.TC_UserProfile_CompleteDetails" name="test_Login" time="3.732"/>
  <testcase classname="com.hrms.testCases.TC_UserProfile_CompleteDetails" name="test_UsersProfile_BankDetails" time="16.771"/>
  <testcase classname="com.hrms.testCases.TC_UserProfile_CompleteDetails" name="test_UsersProfile_ResetPassword" time="17.984"/>
  <testcase classname="com.hrms.testCases.TC_UserProfile_CompleteDetails" name="test_Logout" time="9.010"/>
</testsuite> <!-- com.hrms.testCases.TC_UserProfile_CompleteDetails -->
