<?xml version="1.0" encoding="UTF-8"?>
<!-- Generated by org.testng.reporters.JUnitReportReporter -->
<testsuite hostname="DESKTOP-7AKMRUB" failures="0" tests="7" name="com.hrms.testCases.TC_JobTitles" time="77.970" errors="0" timestamp="2023-08-28T09:51:55 IST" skipped="0">
  <testcase classname="com.hrms.testCases.TC_JobTitles" name="test_Login" time="4.407"/>
  <testcase classname="com.hrms.testCases.TC_JobTitles" name="test_CreateCleint" time="12.306"/>
  <testcase classname="com.hrms.testCases.TC_JobTitles" name="test_CreateCleint" time="11.879"/>
  <testcase classname="com.hrms.testCases.TC_JobTitles" name="test_ArchiveJobTitles" time="15.104"/>
  <testcase classname="com.hrms.testCases.TC_JobTitles" name="test_RestoreJobTitles" time="14.977"/>
  <testcase classname="com.hrms.testCases.TC_JobTitles" name="test_EditJobTitles" time="15.248"/>
  <testcase classname="com.hrms.testCases.TC_JobTitles" name="test_Logout" time="4.049"/>
</testsuite> <!-- com.hrms.testCases.TC_JobTitles -->
