<?xml version="1.0" encoding="UTF-8"?>
<!-- Generated by org.testng.reporters.JUnitReportReporter -->
<testsuite hostname="DESKTOP-7AKMRUB" failures="0" tests="7" name="com.hrms.testCases.TC_ManageLeaveTypes" time="80.836" errors="0" timestamp="2023-08-25T19:32:34 IST" skipped="0">
  <testcase classname="com.hrms.testCases.TC_ManageLeaveTypes" name="test_Login" time="7.381"/>
  <testcase classname="com.hrms.testCases.TC_ManageLeaveTypes" name="test_CreateLeaveType" time="12.830"/>
  <testcase classname="com.hrms.testCases.TC_ManageLeaveTypes" name="test_DeActivateLeaveTypes" time="11.702"/>
  <testcase classname="com.hrms.testCases.TC_ManageLeaveTypes" name="test_ActivateLeaveTypes" time="11.889"/>
  <testcase classname="com.hrms.testCases.TC_ManageLeaveTypes" name="test_EditLeaveTypes" time="15.088"/>
  <testcase classname="com.hrms.testCases.TC_ManageLeaveTypes" name="test_DeleteLeaveTypes" time="11.335"/>
  <testcase classname="com.hrms.testCases.TC_ManageLeaveTypes" name="test_Logout" time="10.611"/>
</testsuite> <!-- com.hrms.testCases.TC_ManageLeaveTypes -->
