<?xml version="1.0" encoding="UTF-8"?>
<!-- Generated by org.testng.reporters.JUnitReportReporter -->
<testsuite hostname="DESKTOP-7AKMRUB" failures="0" tests="8" name="com.hrms.testCases.TC_Ogranization" time="143.961" errors="0" timestamp="2023-08-17T16:53:29 IST" skipped="0">
  <testcase classname="com.hrms.testCases.TC_Ogranization" name="test_Login" time="7.674"/>
  <testcase classname="com.hrms.testCases.TC_Ogranization" name="test_CreateOrganization" time="26.254"/>
  <testcase classname="com.hrms.testCases.TC_Ogranization" name="test_ArchiveOrganization" time="16.793"/>
  <testcase classname="com.hrms.testCases.TC_Ogranization" name="test_RestoreOrganization" time="17.808"/>
  <testcase classname="com.hrms.testCases.TC_Ogranization" name="test_DeActivateOrganization" time="16.618"/>
  <testcase classname="com.hrms.testCases.TC_Ogranization" name="test_ActivateOrganization" time="16.670"/>
  <testcase classname="com.hrms.testCases.TC_Ogranization" name="test_EditOrganization" time="31.721"/>
  <testcase classname="com.hrms.testCases.TC_Ogranization" name="test_Logout" time="10.423"/>
</testsuite> <!-- com.hrms.testCases.TC_Ogranization -->
