<?xml version="1.0" encoding="UTF-8"?>
<!-- Generated by org.testng.reporters.JUnitReportReporter -->
<testsuite hostname="DESKTOP-7AKMRUB" failures="0" tests="3" name="com.hrms.testCases.TC_HomePage" time="35.433" errors="0" timestamp="2023-08-22T16:13:01 IST" skipped="0">
  <testcase classname="com.hrms.testCases.TC_HomePage" name="test_Login" time="2.333"/>
  <testcase classname="com.hrms.testCases.TC_HomePage" name="test_HomePage" time="24.100"/>
  <testcase classname="com.hrms.testCases.TC_HomePage" name="test_Logout" time="9.000"/>
</testsuite> <!-- com.hrms.testCases.TC_HomePage -->
