<?xml version="1.0" encoding="UTF-8"?>
<!-- Generated by org.testng.reporters.JUnitReportReporter -->
<testsuite hostname="DESKTOP-7AKMRUB" failures="0" tests="3" name="com.hrms.testCases.TC_Users" time="51.098" errors="0" timestamp="2023-08-28T17:39:19 IST" skipped="0">
  <testcase classname="com.hrms.testCases.TC_Users" name="test_Login" time="4.596"/>
  <testcase classname="com.hrms.testCases.TC_Users" name="test_CreateUserWithUserPermissions" time="42.384"/>
  <testcase classname="com.hrms.testCases.TC_Users" name="test_Logout" time="4.118"/>
</testsuite> <!-- com.hrms.testCases.TC_Users -->
