<?xml version="1.0" encoding="UTF-8"?>
<!-- Generated by org.testng.reporters.JUnitReportReporter -->
<testsuite hostname="DESKTOP-7AKMRUB" failures="0" tests="4" name="com.hrms.testCases.TC_UsersProfile_BankDetails" time="47.482" errors="0" timestamp="2023-08-22T17:02:47 IST" skipped="0">
  <testcase classname="com.hrms.testCases.TC_UsersProfile_BankDetails" name="test_Login" time="2.381"/>
  <testcase classname="com.hrms.testCases.TC_UsersProfile_BankDetails" name="test_UsersProfile_BankDetails" time="16.638"/>
  <testcase classname="com.hrms.testCases.TC_UsersProfile_BankDetails" name="test_UsersProfile_BankDetails" time="17.010"/>
  <testcase classname="com.hrms.testCases.TC_UsersProfile_BankDetails" name="test_Logout" time="11.453"/>
</testsuite> <!-- com.hrms.testCases.TC_UsersProfile_BankDetails -->
