<?xml version="1.0" encoding="UTF-8"?>
<!-- Generated by org.testng.reporters.JUnitReportReporter -->
<testsuite hostname="DESKTOP-7AKMRUB" failures="0" tests="1" name="com.hrms.testCases.TC_CreateOgranization" time="37.643" errors="0" timestamp="2023-08-05T23:17:37 IST" skipped="0">
  <testcase classname="com.hrms.testCases.TC_CreateOgranization" name="test_CreateOrganization" time="37.643"/>
</testsuite> <!-- com.hrms.testCases.TC_CreateOgranization -->
