<?xml version="1.0" encoding="UTF-8"?>
<!-- Generated by org.testng.reporters.JUnitReportReporter -->
<testsuite hostname="DESKTOP-7AKMRUB" failures="0" tests="4" name="com.hrms.testCases.TC_Leave" time="65.595" errors="0" timestamp="2023-08-23T19:52:48 IST" skipped="0">
  <testcase classname="com.hrms.testCases.TC_Leave" name="test_Login" time="5.316"/>
  <testcase classname="com.hrms.testCases.TC_Leave" name="test_ApplyLeave" time="25.797"/>
  <testcase classname="com.hrms.testCases.TC_Leave" name="test_ApplyLeave" time="27.079"/>
  <testcase classname="com.hrms.testCases.TC_Leave" name="test_Logout" time="7.403"/>
</testsuite> <!-- com.hrms.testCases.TC_Leave -->
