<?xml version="1.0" encoding="UTF-8"?>
<!-- Generated by org.testng.reporters.JUnitReportReporter -->
<testsuite hostname="DESKTOP-7AKMRUB" failures="0" tests="6" name="com.hrms.testCases.TC_Cleint" time="88.298" errors="0" timestamp="2023-08-15T14:46:46 IST" skipped="0">
  <testcase classname="com.hrms.testCases.TC_Cleint" name="test_Login" time="12.702"/>
  <testcase classname="com.hrms.testCases.TC_Cleint" name="test_CreateCleint" time="13.989"/>
  <testcase classname="com.hrms.testCases.TC_Cleint" name="test_ArchiveClient" time="15.974"/>
  <testcase classname="com.hrms.testCases.TC_Cleint" name="test_RestoreClient" time="17.107"/>
  <testcase classname="com.hrms.testCases.TC_Cleint" name="test_EditClient" time="21.827"/>
  <testcase classname="com.hrms.testCases.TC_Cleint" name="test_Logout" time="6.699"/>
</testsuite> <!-- com.hrms.testCases.TC_Cleint -->
