<?xml version="1.0" encoding="UTF-8"?>
<!-- Generated by org.testng.reporters.JUnitReportReporter -->
<testsuite hostname="DESKTOP-7AKMRUB" failures="0" tests="1" name="com.hrms.testCases.TC_Login" time="9.643" errors="0" timestamp="2023-08-03T16:32:37 IST" skipped="0">
  <testcase classname="com.hrms.testCases.TC_Login" name="test_Login" time="9.643"/>
</testsuite> <!-- com.hrms.testCases.TC_Login -->
