<?xml version="1.0" encoding="UTF-8"?>
<!-- Generated by org.testng.reporters.JUnitReportReporter -->
<testsuite hostname="DESKTOP-7AKMRUB" failures="0" tests="1" name="com.hrms.testCases.TC_Login" time="2.757" errors="0" timestamp="2023-08-24T15:13:19 IST" skipped="0">
  <testcase classname="com.hrms.testCases.TC_Login" name="test_Login" time="2.757"/>
</testsuite> <!-- com.hrms.testCases.TC_Login -->
