<?xml version="1.0" encoding="UTF-8"?>
<!-- Generated by org.testng.reporters.JUnitReportReporter -->
<testsuite hostname="DESKTOP-7AKMRUB" failures="0" tests="4" name="com.hrms.testCases.TC_UsersProfile_OthersDetails" time="45.700" errors="0" timestamp="2023-08-22T16:54:06 IST" skipped="0">
  <testcase classname="com.hrms.testCases.TC_UsersProfile_OthersDetails" name="test_Login" time="2.426"/>
  <testcase classname="com.hrms.testCases.TC_UsersProfile_OthersDetails" name="test_UsersProfile_OthresDetails" time="17.292"/>
  <testcase classname="com.hrms.testCases.TC_UsersProfile_OthersDetails" name="test_UsersProfile_OthresDetails" time="16.999"/>
  <testcase classname="com.hrms.testCases.TC_UsersProfile_OthersDetails" name="test_Logout" time="8.983"/>
</testsuite> <!-- com.hrms.testCases.TC_UsersProfile_OthersDetails -->
