<?xml version="1.0" encoding="UTF-8"?>
<!-- Generated by org.testng.reporters.JUnitReportReporter -->
<testsuite hostname="DESKTOP-7AKMRUB" failures="0" tests="1" name="com.hrms.testCases.TC_CreateJobTitles" time="18.596" errors="0" timestamp="2023-08-06T15:08:48 IST" skipped="0">
  <testcase classname="com.hrms.testCases.TC_CreateJobTitles" name="test_CreateCleint" time="18.596"/>
</testsuite> <!-- com.hrms.testCases.TC_CreateJobTitles -->
