<?xml version="1.0" encoding="UTF-8"?>
<!-- Generated by org.testng.reporters.JUnitReportReporter -->
<testsuite hostname="DESKTOP-7AKMRUB" failures="0" tests="1" name="com.hrms.testCases.TC_ManageLeaveTypes" time="18.367" errors="0" timestamp="2023-08-06T15:40:17 IST" skipped="0">
  <testcase classname="com.hrms.testCases.TC_ManageLeaveTypes" name="test_CreateCleint" time="18.367"/>
</testsuite> <!-- com.hrms.testCases.TC_ManageLeaveTypes -->
