<?xml version="1.0" encoding="UTF-8"?>
<!-- Generated by org.testng.reporters.JUnitReportReporter -->
<testsuite hostname="DESKTOP-7AKMRUB" failures="0" tests="3" name="com.hrms.testCases.TC_Leave" time="38.029" errors="0" timestamp="2023-08-17T00:14:48 IST" skipped="0">
  <testcase classname="com.hrms.testCases.TC_Leave" name="test_Login" time="10.651"/>
  <testcase classname="com.hrms.testCases.TC_Leave" name="test_ApplyLeave" time="18.884"/>
  <testcase classname="com.hrms.testCases.TC_Leave" name="test_Logout" time="8.494"/>
</testsuite> <!-- com.hrms.testCases.TC_Leave -->
