<?xml version="1.0" encoding="UTF-8"?>
<!-- Generated by org.testng.reporters.JUnitReportReporter -->
<testsuite hostname="DESKTOP-7AKMRUB" failures="0" tests="3" name="com.hrms.testCases.TC_Leave" time="42.157" errors="0" timestamp="2023-08-28T18:37:02 IST" skipped="0">
  <testcase classname="com.hrms.testCases.TC_Leave" name="test_Login" time="4.458"/>
  <testcase classname="com.hrms.testCases.TC_Leave" name="test_ApplyLeave" time="32.868"/>
  <testcase classname="com.hrms.testCases.TC_Leave" name="test_Logout" time="4.831"/>
</testsuite> <!-- com.hrms.testCases.TC_Leave -->
