<?xml version="1.0" encoding="UTF-8"?>
<!-- Generated by org.testng.reporters.JUnitReportReporter -->
<testsuite hostname="DESKTOP-7AKMRUB" failures="0" tests="3" name="com.hrms.testCases.TC_Users" time="56.556" errors="0" timestamp="2023-08-16T22:15:21 IST" skipped="0">
  <testcase classname="com.hrms.testCases.TC_Users" name="test_Login" time="10.702"/>
  <testcase classname="com.hrms.testCases.TC_Users" name="test_AssignUserToProject" time="37.443"/>
  <testcase classname="com.hrms.testCases.TC_Users" name="test_Logout" time="8.411"/>
</testsuite> <!-- com.hrms.testCases.TC_Users -->
