<?xml version="1.0" encoding="UTF-8"?>
<!-- Generated by org.testng.reporters.JUnitReportReporter -->
<testsuite hostname="DESKTOP-7AKMRUB" failures="0" tests="3" name="com.hrms.testCases.TC_LeaveBalance" time="59.235" errors="0" timestamp="2023-08-20T13:24:45 IST" skipped="0">
  <testcase classname="com.hrms.testCases.TC_LeaveBalance" name="test_Login" time="15.643"/>
  <testcase classname="com.hrms.testCases.TC_LeaveBalance" name="test_CreateLeaveBalance" time="32.982"/>
  <testcase classname="com.hrms.testCases.TC_LeaveBalance" name="test_Logout" time="10.610"/>
</testsuite> <!-- com.hrms.testCases.TC_LeaveBalance -->
