<?xml version="1.0" encoding="UTF-8"?>
<!-- Generated by org.testng.reporters.JUnitReportReporter -->
<testsuite hostname="DESKTOP-7AKMRUB" failures="0" tests="3" name="com.hrms.testCases.TC_Ogranization" time="39.951" errors="0" timestamp="2023-08-24T17:05:18 IST" skipped="0">
  <testcase classname="com.hrms.testCases.TC_Ogranization" name="test_Login" time="2.337"/>
  <testcase classname="com.hrms.testCases.TC_Ogranization" name="test_CreateOrganization" time="28.113"/>
  <testcase classname="com.hrms.testCases.TC_Ogranization" name="test_Logout" time="9.501"/>
</testsuite> <!-- com.hrms.testCases.TC_Ogranization -->
