<?xml version="1.0" encoding="UTF-8"?>
<!-- Generated by org.testng.reporters.JUnitReportReporter -->
<testsuite hostname="DESKTOP-7AKMRUB" failures="0" tests="3" name="com.hrms.testCases.TC_Assets" time="38.299" errors="0" timestamp="2023-08-27T23:00:11 IST" skipped="0">
  <testcase classname="com.hrms.testCases.TC_Assets" name="test_Login" time="2.706"/>
  <testcase classname="com.hrms.testCases.TC_Assets" name="test_CreateAssets" time="30.392"/>
  <testcase classname="com.hrms.testCases.TC_Assets" name="test_Logout" time="5.201"/>
</testsuite> <!-- com.hrms.testCases.TC_Assets -->
