<?xml version="1.0" encoding="UTF-8"?>
<!-- Generated by org.testng.reporters.JUnitReportReporter -->
<testsuite hostname="DESKTOP-7AKMRUB" failures="0" tests="8" name="com.hrms.testCases.TC_Ogranization" time="133.565" errors="0" timestamp="2023-08-28T19:35:25 IST" skipped="0">
  <testcase classname="com.hrms.testCases.TC_Ogranization" name="test_Login" time="4.497"/>
  <testcase classname="com.hrms.testCases.TC_Ogranization" name="test_CreateOrganization" time="25.955"/>
  <testcase classname="com.hrms.testCases.TC_Ogranization" name="test_ArchiveOrganization" time="17.248"/>
  <testcase classname="com.hrms.testCases.TC_Ogranization" name="test_RestoreOrganization" time="17.242"/>
  <testcase classname="com.hrms.testCases.TC_Ogranization" name="test_DeActivateOrganization" time="16.979"/>
  <testcase classname="com.hrms.testCases.TC_Ogranization" name="test_ActivateOrganization" time="17.216"/>
  <testcase classname="com.hrms.testCases.TC_Ogranization" name="test_EditOrganization" time="30.244"/>
  <testcase classname="com.hrms.testCases.TC_Ogranization" name="test_Logout" time="4.184"/>
</testsuite> <!-- com.hrms.testCases.TC_Ogranization -->
