<?xml version="1.0" encoding="UTF-8"?>
<!-- Generated by org.testng.reporters.JUnitReportReporter -->
<testsuite hostname="DESKTOP-7AKMRUB" failures="0" tests="1" name="com.hrms.testCases.TC_PersonalInfoDetails" time="45.098" errors="0" timestamp="2023-08-09T22:58:25 IST" skipped="0">
  <testcase classname="com.hrms.testCases.TC_PersonalInfoDetails" name="test_fillPersonalInfoDetails" time="45.098"/>
</testsuite> <!-- com.hrms.testCases.TC_PersonalInfoDetails -->
