<?xml version="1.0" encoding="UTF-8"?>
<!-- Generated by org.testng.reporters.JUnitReportReporter -->
<testsuite hostname="DESKTOP-7AKMRUB" failures="0" tests="7" name="com.hrms.testCases.TC_Cleint" time="78.425" errors="0" timestamp="2023-08-28T18:11:00 IST" skipped="0">
  <testcase classname="com.hrms.testCases.TC_Cleint" name="test_Login" time="4.398"/>
  <testcase classname="com.hrms.testCases.TC_Cleint" name="test_CreateCleint" time="11.625"/>
  <testcase classname="com.hrms.testCases.TC_Cleint" name="test_CreateCleint" time="8.774"/>
  <testcase classname="com.hrms.testCases.TC_Cleint" name="test_ArchiveClient" time="15.819"/>
  <testcase classname="com.hrms.testCases.TC_Cleint" name="test_RestoreClient" time="15.620"/>
  <testcase classname="com.hrms.testCases.TC_Cleint" name="test_EditClient" time="18.022"/>
  <testcase classname="com.hrms.testCases.TC_Cleint" name="test_Logout" time="4.167"/>
</testsuite> <!-- com.hrms.testCases.TC_Cleint -->
