<?xml version="1.0" encoding="UTF-8"?>
<!-- Generated by org.testng.reporters.JUnitReportReporter -->
<testsuite hostname="DESKTOP-7AKMRUB" failures="0" tests="3" name="com.hrms.testCases.TC_LeaveBalance" time="29.937" errors="0" timestamp="2023-08-27T16:22:51 IST" skipped="0">
  <testcase classname="com.hrms.testCases.TC_LeaveBalance" name="test_Login" time="5.350"/>
  <testcase classname="com.hrms.testCases.TC_LeaveBalance" name="test_EditLeaveBalance" time="15.516"/>
  <testcase classname="com.hrms.testCases.TC_LeaveBalance" name="test_Logout" time="9.071"/>
</testsuite> <!-- com.hrms.testCases.TC_LeaveBalance -->
