<?xml version="1.0" encoding="UTF-8"?>
<!-- Generated by org.testng.reporters.JUnitReportReporter -->
<testsuite hostname="DESKTOP-7AKMRUB" failures="0" tests="4" name="com.hrms.testCases.TC_UserProfile_PersonalInfo" time="80.363" errors="0" timestamp="2023-08-22T16:44:31 IST" skipped="0">
  <testcase classname="com.hrms.testCases.TC_UserProfile_PersonalInfo" name="test_Login" time="2.456"/>
  <testcase classname="com.hrms.testCases.TC_UserProfile_PersonalInfo" name="test_UsersProfile_PersonalInfo" time="34.273"/>
  <testcase classname="com.hrms.testCases.TC_UserProfile_PersonalInfo" name="test_UsersProfile_PersonalInfo" time="34.568"/>
  <testcase classname="com.hrms.testCases.TC_UserProfile_PersonalInfo" name="test_Logout" time="9.066"/>
</testsuite> <!-- com.hrms.testCases.TC_UserProfile_PersonalInfo -->
