<?xml version="1.0" encoding="UTF-8"?>
<!-- Generated by org.testng.reporters.JUnitReportReporter -->
<testsuite hostname="DESKTOP-7AKMRUB" failures="0" tests="6" name="com.hrms.testCases.TC_JobTitles" time="89.163" errors="0" timestamp="2023-08-15T11:40:49 IST" skipped="0">
  <testcase classname="com.hrms.testCases.TC_JobTitles" name="test_Login" time="12.649"/>
  <testcase classname="com.hrms.testCases.TC_JobTitles" name="test_CreateCleint" time="12.318"/>
  <testcase classname="com.hrms.testCases.TC_JobTitles" name="test_ArchiveJobTitles" time="16.251"/>
  <testcase classname="com.hrms.testCases.TC_JobTitles" name="test_RestoreJobTitles" time="17.291"/>
  <testcase classname="com.hrms.testCases.TC_JobTitles" name="test_EditJobTitles" time="24.141"/>
  <testcase classname="com.hrms.testCases.TC_JobTitles" name="test_Logout" time="6.513"/>
</testsuite> <!-- com.hrms.testCases.TC_JobTitles -->
