<?xml version="1.0" encoding="UTF-8"?>
<!-- Generated by org.testng.reporters.JUnitReportReporter -->
<testsuite hostname="DESKTOP-7AKMRUB" failures="0" tests="3" name="com.hrms.testCases.TC_Projects" time="49.619" errors="0" timestamp="2023-08-16T16:17:25 IST" skipped="0">
  <testcase classname="com.hrms.testCases.TC_Projects" name="test_Login" time="10.687"/>
  <testcase classname="com.hrms.testCases.TC_Projects" name="test_AssignProject" time="32.435"/>
  <testcase classname="com.hrms.testCases.TC_Projects" name="test_Logout" time="6.497"/>
</testsuite> <!-- com.hrms.testCases.TC_Projects -->
