<?xml version="1.0" encoding="UTF-8"?>
<!-- Generated by org.testng.reporters.JUnitReportReporter -->
<testsuite hostname="DESKTOP-7AKMRUB" failures="0" tests="1" name="com.hrms.testCases.TC_CreateAssetsTypes" time="18.441" errors="0" timestamp="2023-08-06T17:19:13 IST" skipped="0">
  <testcase classname="com.hrms.testCases.TC_CreateAssetsTypes" name="test_CreateCleint" time="18.441"/>
</testsuite> <!-- com.hrms.testCases.TC_CreateAssetsTypes -->
