<?xml version="1.0" encoding="UTF-8"?>
<!-- Generated by org.testng.reporters.JUnitReportReporter -->
<testsuite hostname="DESKTOP-7AKMRUB" failures="0" tests="3" name="com.hrms.testCases.TC_DailyUpdates" time="60.463" errors="0" timestamp="2023-08-18T11:14:29 IST" skipped="0">
  <testcase classname="com.hrms.testCases.TC_DailyUpdates" name="test_Login" time="7.653"/>
  <testcase classname="com.hrms.testCases.TC_DailyUpdates" name="test_CreateDailyUpdates" time="43.277"/>
  <testcase classname="com.hrms.testCases.TC_DailyUpdates" name="test_Logout" time="9.533"/>
</testsuite> <!-- com.hrms.testCases.TC_DailyUpdates -->
