<?xml version="1.0" encoding="UTF-8"?>
<!-- Generated by org.testng.reporters.JUnitReportReporter -->
<testsuite hostname="DESKTOP-7AKMRUB" failures="0" tests="4" name="com.hrms.testCases.TC_UsersProfile_ResetPassword" time="47.659" errors="0" timestamp="2023-08-22T17:11:14 IST" skipped="0">
  <testcase classname="com.hrms.testCases.TC_UsersProfile_ResetPassword" name="test_Login" time="2.610"/>
  <testcase classname="com.hrms.testCases.TC_UsersProfile_ResetPassword" name="test_UsersProfile_ResetPassword" time="17.913"/>
  <testcase classname="com.hrms.testCases.TC_UsersProfile_ResetPassword" name="test_UsersProfile_ResetPassword" time="18.116"/>
  <testcase classname="com.hrms.testCases.TC_UsersProfile_ResetPassword" name="test_Logout" time="9.020"/>
</testsuite> <!-- com.hrms.testCases.TC_UsersProfile_ResetPassword -->
