<?xml version="1.0" encoding="UTF-8"?>
<!-- Generated by org.testng.reporters.JUnitReportReporter -->
<testsuite hostname="DESKTOP-7AKMRUB" failures="0" tests="6" name="com.hrms.testCases.TC_CreateAssetsTypes" time="107.702" errors="0" timestamp="2023-08-15T13:51:15 IST" skipped="0">
  <testcase classname="com.hrms.testCases.TC_CreateAssetsTypes" name="test_Login" time="12.632"/>
  <testcase classname="com.hrms.testCases.TC_CreateAssetsTypes" name="test_CreateAssetsTypes" time="13.851"/>
  <testcase classname="com.hrms.testCases.TC_CreateAssetsTypes" name="test_ArchiveAssetsTypes" time="22.233"/>
  <testcase classname="com.hrms.testCases.TC_CreateAssetsTypes" name="test_RestoreAssetsTypes" time="23.152"/>
  <testcase classname="com.hrms.testCases.TC_CreateAssetsTypes" name="test_EditAssetsTypes" time="29.376"/>
  <testcase classname="com.hrms.testCases.TC_CreateAssetsTypes" name="test_Logout" time="6.458"/>
</testsuite> <!-- com.hrms.testCases.TC_CreateAssetsTypes -->
