<?xml version="1.0" encoding="UTF-8"?>
<!-- Generated by org.testng.reporters.JUnitReportReporter -->
<testsuite hostname="DESKTOP-7AKMRUB" failures="0" tests="1" name="com.hrms.testCases.TC_CreateCleint" time="18.289" errors="0" timestamp="2023-08-06T14:45:34 IST" skipped="0">
  <testcase classname="com.hrms.testCases.TC_CreateCleint" name="test_CreateCleint" time="18.289"/>
</testsuite> <!-- com.hrms.testCases.TC_CreateCleint -->
