<?xml version="1.0" encoding="UTF-8"?>
<!-- Generated by org.testng.reporters.JUnitReportReporter -->
<testsuite hostname="DESKTOP-7AKMRUB" failures="0" tests="3" name="com.hrms.testCases.TC_UsersProfile_AddressDetails" time="40.920" errors="0" timestamp="2023-08-21T10:43:51 IST" skipped="0">
  <testcase classname="com.hrms.testCases.TC_UsersProfile_AddressDetails" name="test_Login" time="7.684"/>
  <testcase classname="com.hrms.testCases.TC_UsersProfile_AddressDetails" name="test_UsersProfile_AddressDetails" time="24.226"/>
  <testcase classname="com.hrms.testCases.TC_UsersProfile_AddressDetails" name="test_Logout" time="9.010"/>
</testsuite> <!-- com.hrms.testCases.TC_UsersProfile_AddressDetails -->
