<?xml version="1.0" encoding="UTF-8"?>
<!-- Generated by org.testng.reporters.JUnitReportReporter -->
<testsuite hostname="DESKTOP-7AKMRUB" failures="0" tests="3" name="com.hrms.testCases.TC_UserProfilePage" time="32.500" errors="0" timestamp="2023-08-22T16:16:53 IST" skipped="0">
  <testcase classname="com.hrms.testCases.TC_UserProfilePage" name="test_Login" time="2.273"/>
  <testcase classname="com.hrms.testCases.TC_UserProfilePage" name="test_UserProfilePage" time="21.140"/>
  <testcase classname="com.hrms.testCases.TC_UserProfilePage" name="test_Logout" time="9.087"/>
</testsuite> <!-- com.hrms.testCases.TC_UserProfilePage -->
