<?xml version="1.0" encoding="UTF-8"?>
<!-- Generated by org.testng.reporters.JUnitReportReporter -->
<testsuite hostname="DESKTOP-7AKMRUB" failures="0" tests="1" name="com.hrms.testCases.TC_HomePage" time="43.111" errors="0" timestamp="2023-08-05T00:06:28 IST" skipped="0">
  <testcase classname="com.hrms.testCases.TC_HomePage" name="test_HomePage" time="43.111"/>
</testsuite> <!-- com.hrms.testCases.TC_HomePage -->
