<?xml version="1.0" encoding="UTF-8"?>
<!-- Generated by org.testng.reporters.JUnitReportReporter -->
<testsuite hostname="DESKTOP-7AKMRUB" failures="0" tests="6" name="com.hrms.testCases.TC_AssetsTypes" time="83.787" errors="0" timestamp="2023-08-27T21:48:22 IST" skipped="0">
  <testcase classname="com.hrms.testCases.TC_AssetsTypes" name="test_Login" time="8.115"/>
  <testcase classname="com.hrms.testCases.TC_AssetsTypes" name="test_CreateAssetsTypes" time="16.792"/>
  <testcase classname="com.hrms.testCases.TC_AssetsTypes" name="test_ArchiveAssetsTypes" time="18.202"/>
  <testcase classname="com.hrms.testCases.TC_AssetsTypes" name="test_RestoreAssetsTypes" time="16.210"/>
  <testcase classname="com.hrms.testCases.TC_AssetsTypes" name="test_EditAssetsTypes" time="19.356"/>
  <testcase classname="com.hrms.testCases.TC_AssetsTypes" name="test_Logout" time="5.112"/>
</testsuite> <!-- com.hrms.testCases.TC_AssetsTypes -->
