<?xml version="1.0" encoding="UTF-8"?>
<!-- Generated by org.testng.reporters.JUnitReportReporter -->
<testsuite hostname="DESKTOP-7AKMRUB" failures="0" tests="3" name="com.hrms.testCases.TC_JobTitles" time="35.783" errors="0" timestamp="2023-08-24T09:32:00 IST" skipped="0">
  <testcase classname="com.hrms.testCases.TC_JobTitles" name="test_Login" time="7.303"/>
  <testcase classname="com.hrms.testCases.TC_JobTitles" name="test_CreateCleint" time="14.185"/>
  <testcase classname="com.hrms.testCases.TC_JobTitles" name="test_CreateCleint" time="14.295"/>
</testsuite> <!-- com.hrms.testCases.TC_JobTitles -->
