<?xml version="1.0" encoding="UTF-8"?>
<!-- Generated by org.testng.reporters.JUnitReportReporter -->
<testsuite hostname="DESKTOP-7AKMRUB" failures="0" tests="5" name="com.hrms.testCases.TC_UsersPermissions" time="160.520" errors="0" timestamp="2023-08-21T17:31:17 IST" skipped="0">
  <testcase classname="com.hrms.testCases.TC_UsersPermissions" name="test_Login" time="6.730"/>
  <testcase classname="com.hrms.testCases.TC_UsersPermissions" name="test_UserPermissionAssignmentDropdown" time="25.582"/>
  <testcase classname="com.hrms.testCases.TC_UsersPermissions" name="test_UserPermissionAdminCheckBoxSelection" time="31.550"/>
  <testcase classname="com.hrms.testCases.TC_UsersPermissions" name="test_UserPermissionAllCheckBoxSelectionFromBottomToTop" time="87.550"/>
  <testcase classname="com.hrms.testCases.TC_UsersPermissions" name="test_Logout" time="9.108"/>
</testsuite> <!-- com.hrms.testCases.TC_UsersPermissions -->
