<?xml version="1.0" encoding="UTF-8"?>
<!-- Generated by org.testng.reporters.JUnitReportReporter -->
<testsuite hostname="DESKTOP-7AKMRUB" failures="0" tests="2" name="com.hrms.testCases.TC_HomePage" time="16.556" errors="0" timestamp="2023-08-20T16:02:25 IST" skipped="0">
  <testcase classname="com.hrms.testCases.TC_HomePage" name="test_Login" time="7.638"/>
  <testcase classname="com.hrms.testCases.TC_HomePage" name="test_Logout" time="8.918"/>
</testsuite> <!-- com.hrms.testCases.TC_HomePage -->
