<?xml version="1.0" encoding="UTF-8"?>
<!-- Generated by org.testng.reporters.JUnitReportReporter -->
<testsuite hostname="DESKTOP-7AKMRUB" failures="0" tests="3" name="com.hrms.testCases.TC_UserProfilePage" time="37.790" errors="0" timestamp="2023-08-20T20:55:19 IST" skipped="0">
  <testcase classname="com.hrms.testCases.TC_UserProfilePage" name="test_Login" time="7.678"/>
  <testcase classname="com.hrms.testCases.TC_UserProfilePage" name="test_UserProfilePage" time="21.165"/>
  <testcase classname="com.hrms.testCases.TC_UserProfilePage" name="test_Logout" time="8.947"/>
</testsuite> <!-- com.hrms.testCases.TC_UserProfilePage -->
