<?xml version="1.0" encoding="UTF-8"?>
<!-- Generated by org.testng.reporters.JUnitReportReporter -->
<testsuite hostname="DESKTOP-7AKMRUB" failures="0" tests="2" name="com.hrms.testCases.TC_Logout" time="12.887" errors="0" timestamp="2023-08-03T16:34:56 IST" skipped="0">
  <testcase classname="com.hrms.testCases.TC_Logout" name="test_Login" time="9.647"/>
  <testcase classname="com.hrms.testCases.TC_Logout" name="test_Logout" time="3.240"/>
</testsuite> <!-- com.hrms.testCases.TC_Logout -->
