<?xml version="1.0" encoding="UTF-8"?>
<!-- Generated by org.testng.reporters.JUnitReportReporter -->
<testsuite hostname="DESKTOP-7AKMRUB" failures="0" tests="3" name="com.hrms.testCases.TC_Projects" time="44.064" errors="0" timestamp="2023-08-28T15:54:16 IST" skipped="0">
  <testcase classname="com.hrms.testCases.TC_Projects" name="test_Login" time="4.392"/>
  <testcase classname="com.hrms.testCases.TC_Projects" name="test_AssignProject" time="35.428"/>
  <testcase classname="com.hrms.testCases.TC_Projects" name="test_Logout" time="4.244"/>
</testsuite> <!-- com.hrms.testCases.TC_Projects -->
