<?xml version="1.0" encoding="UTF-8"?>
<!-- Generated by org.testng.reporters.JUnitReportReporter -->
<testsuite hostname="DESKTOP-7AKMRUB" failures="0" tests="7" name="com.hrms.testCases.TC_Cleint" time="98.399" errors="0" timestamp="2023-08-23T20:08:51 IST" skipped="0">
  <testcase classname="com.hrms.testCases.TC_Cleint" name="test_Login" time="7.310"/>
  <testcase classname="com.hrms.testCases.TC_Cleint" name="test_CreateCleint" time="14.416"/>
  <testcase classname="com.hrms.testCases.TC_Cleint" name="test_CreateCleint" time="14.577"/>
  <testcase classname="com.hrms.testCases.TC_Cleint" name="test_ArchiveClient" time="16.657"/>
  <testcase classname="com.hrms.testCases.TC_Cleint" name="test_RestoreClient" time="17.712"/>
  <testcase classname="com.hrms.testCases.TC_Cleint" name="test_EditClient" time="22.289"/>
  <testcase classname="com.hrms.testCases.TC_Cleint" name="test_Logout" time="5.438"/>
</testsuite> <!-- com.hrms.testCases.TC_Cleint -->
