<?xml version="1.0" encoding="UTF-8"?>
<!-- Generated by org.testng.reporters.JUnitReportReporter -->
<testsuite hostname="DESKTOP-7AKMRUB" failures="0" tests="3" name="com.hrms.testCases.TC_Users" time="60.603" errors="0" timestamp="2023-08-21T18:35:36 IST" skipped="0">
  <testcase classname="com.hrms.testCases.TC_Users" name="test_Login" time="6.749"/>
  <testcase classname="com.hrms.testCases.TC_Users" name="test_CreateUserWithUserPermissions" time="44.803"/>
  <testcase classname="com.hrms.testCases.TC_Users" name="test_Logout" time="9.051"/>
</testsuite> <!-- com.hrms.testCases.TC_Users -->
