<?xml version="1.0" encoding="UTF-8"?>
<!-- Generated by org.testng.reporters.JUnitReportReporter -->
<testsuite hostname="DESKTOP-7AKMRUB" failures="0" tests="1" name="com.hrms.testCases.TC_UserProfilePage" time="28.972" errors="0" timestamp="2023-08-05T13:58:51 IST" skipped="0">
  <testcase classname="com.hrms.testCases.TC_UserProfilePage" name="test_UserProfilePage" time="28.972"/>
</testsuite> <!-- com.hrms.testCases.TC_UserProfilePage -->
