<?xml version="1.0" encoding="UTF-8"?>
<!-- Generated by org.testng.reporters.JUnitReportReporter -->
<testsuite hostname="DESKTOP-7AKMRUB" failures="0" tests="7" name="com.hrms.testCases.TC_ManageLeaveTypes" time="80.037" errors="0" timestamp="2023-08-25T23:06:24 IST" skipped="0">
  <testcase classname="com.hrms.testCases.TC_ManageLeaveTypes" name="test_Login" time="7.475"/>
  <testcase classname="com.hrms.testCases.TC_ManageLeaveTypes" name="test_CreateLeaveType" time="12.710"/>
  <testcase classname="com.hrms.testCases.TC_ManageLeaveTypes" name="test_DeActivateLeaveTypes" time="11.831"/>
  <testcase classname="com.hrms.testCases.TC_ManageLeaveTypes" name="test_ActivateLeaveTypes" time="11.565"/>
  <testcase classname="com.hrms.testCases.TC_ManageLeaveTypes" name="test_EditLeaveTypes" time="14.981"/>
  <testcase classname="com.hrms.testCases.TC_ManageLeaveTypes" name="test_DeleteLeaveTypes" time="11.311"/>
  <testcase classname="com.hrms.testCases.TC_ManageLeaveTypes" name="test_Logout" time="10.164"/>
</testsuite> <!-- com.hrms.testCases.TC_ManageLeaveTypes -->
