<?xml version="1.0" encoding="UTF-8"?>
<!-- Generated by org.testng.reporters.JUnitReportReporter -->
<testsuite hostname="DESKTOP-7AKMRUB" failures="0" tests="5" name="com.hrms.testCases.TC_Users" time="102.376" errors="0" timestamp="2023-08-23T20:17:32 IST" skipped="0">
  <testcase classname="com.hrms.testCases.TC_Users" name="test_Login" time="5.354"/>
  <testcase classname="com.hrms.testCases.TC_Users" name="test_CreateUser" time="26.054"/>
  <testcase classname="com.hrms.testCases.TC_Users" name="test_CreateUser" time="25.404"/>
  <testcase classname="com.hrms.testCases.TC_Users" name="test_CreateUserWithUserPermissions" time="43.161"/>
  <testcase classname="com.hrms.testCases.TC_Users" name="test_Logout" time="2.403"/>
</testsuite> <!-- com.hrms.testCases.TC_Users -->
