<?xml version="1.0" encoding="UTF-8"?>
<!-- Generated by org.testng.reporters.JUnitReportReporter -->
<testsuite hostname="DESKTOP-7AKMRUB" failures="0" tests="4" name="com.hrms.testCases.TC_UsersProfile_AddressDetails" time="55.020" errors="0" timestamp="2023-08-22T17:50:12 IST" skipped="0">
  <testcase classname="com.hrms.testCases.TC_UsersProfile_AddressDetails" name="test_Login" time="2.528"/>
  <testcase classname="com.hrms.testCases.TC_UsersProfile_AddressDetails" name="test_UsersProfile_AddressDetails" time="21.729"/>
  <testcase classname="com.hrms.testCases.TC_UsersProfile_AddressDetails" name="test_UsersProfile_AddressDetails" time="21.793"/>
  <testcase classname="com.hrms.testCases.TC_UsersProfile_AddressDetails" name="test_Logout" time="8.970"/>
</testsuite> <!-- com.hrms.testCases.TC_UsersProfile_AddressDetails -->
