<?xml version="1.0" encoding="UTF-8"?>
<!-- Generated by org.testng.reporters.JUnitReportReporter -->
<testsuite hostname="DESKTOP-7AKMRUB" failures="0" tests="6" name="com.hrms.testCases.TC_AssetsTypes" time="107.141" errors="0" timestamp="2023-08-15T21:36:58 IST" skipped="0">
  <testcase classname="com.hrms.testCases.TC_AssetsTypes" name="test_Login" time="12.623"/>
  <testcase classname="com.hrms.testCases.TC_AssetsTypes" name="test_CreateAssetsTypes" time="13.834"/>
  <testcase classname="com.hrms.testCases.TC_AssetsTypes" name="test_ArchiveAssetsTypes" time="22.220"/>
  <testcase classname="com.hrms.testCases.TC_AssetsTypes" name="test_RestoreAssetsTypes" time="23.050"/>
  <testcase classname="com.hrms.testCases.TC_AssetsTypes" name="test_EditAssetsTypes" time="29.000"/>
  <testcase classname="com.hrms.testCases.TC_AssetsTypes" name="test_Logout" time="6.414"/>
</testsuite> <!-- com.hrms.testCases.TC_AssetsTypes -->
