<?xml version="1.0" encoding="UTF-8"?>
<!-- Generated by org.testng.reporters.JUnitReportReporter -->
<testsuite hostname="DESKTOP-7AKMRUB" failures="0" tests="3" name="com.hrms.testCases.TC_CreateAssetsTypes" time="38.928" errors="0" timestamp="2023-08-15T12:54:41 IST" skipped="0">
  <testcase classname="com.hrms.testCases.TC_CreateAssetsTypes" name="test_Login" time="12.657"/>
  <testcase classname="com.hrms.testCases.TC_CreateAssetsTypes" name="test_ArchiveAssetsTypes" time="19.745"/>
  <testcase classname="com.hrms.testCases.TC_CreateAssetsTypes" name="test_Logout" time="6.526"/>
</testsuite> <!-- com.hrms.testCases.TC_CreateAssetsTypes -->
