<?xml version="1.0" encoding="UTF-8"?>
<!-- Generated by org.testng.reporters.JUnitReportReporter -->
<testsuite hostname="DESKTOP-7AKMRUB" failures="0" tests="3" name="com.hrms.testCases.TC_UsersProfile_OthersDetails" time="34.475" errors="0" timestamp="2023-08-21T10:44:55 IST" skipped="0">
  <testcase classname="com.hrms.testCases.TC_UsersProfile_OthersDetails" name="test_Login" time="7.701"/>
  <testcase classname="com.hrms.testCases.TC_UsersProfile_OthersDetails" name="test_UsersProfile_AddressDetails" time="17.519"/>
  <testcase classname="com.hrms.testCases.TC_UsersProfile_OthersDetails" name="test_Logout" time="9.255"/>
</testsuite> <!-- com.hrms.testCases.TC_UsersProfile_OthersDetails -->
