<?xml version="1.0" encoding="UTF-8"?>
<!-- Generated by org.testng.reporters.JUnitReportReporter -->
<testsuite hostname="DESKTOP-7AKMRUB" failures="0" tests="3" name="com.hrms.testCases.TC_UsersProfile_BankDetails" time="33.949" errors="0" timestamp="2023-08-21T10:48:27 IST" skipped="0">
  <testcase classname="com.hrms.testCases.TC_UsersProfile_BankDetails" name="test_Login" time="7.735"/>
  <testcase classname="com.hrms.testCases.TC_UsersProfile_BankDetails" name="test_UsersProfile_AddressDetails" time="17.181"/>
  <testcase classname="com.hrms.testCases.TC_UsersProfile_BankDetails" name="test_Logout" time="9.033"/>
</testsuite> <!-- com.hrms.testCases.TC_UsersProfile_BankDetails -->
