<?xml version="1.0" encoding="UTF-8"?>
<!-- Generated by org.testng.reporters.JUnitReportReporter -->
<testsuite hostname="DESKTOP-7AKMRUB" failures="0" tests="8" name="com.hrms.testCases.TC_Ogranization" time="145.154" errors="0" timestamp="2023-08-29T14:40:44 IST" skipped="0">
  <testcase classname="com.hrms.testCases.TC_Ogranization" name="test_Login" time="4.249"/>
  <testcase classname="com.hrms.testCases.TC_Ogranization" name="test_CreateOrganization" time="28.039"/>
  <testcase classname="com.hrms.testCases.TC_Ogranization" name="test_ArchiveOrganization" time="19.211"/>
  <testcase classname="com.hrms.testCases.TC_Ogranization" name="test_RestoreOrganization" time="19.164"/>
  <testcase classname="com.hrms.testCases.TC_Ogranization" name="test_DeActivateOrganization" time="19.134"/>
  <testcase classname="com.hrms.testCases.TC_Ogranization" name="test_ActivateOrganization" time="19.144"/>
  <testcase classname="com.hrms.testCases.TC_Ogranization" name="test_EditOrganization" time="32.150"/>
  <testcase classname="com.hrms.testCases.TC_Ogranization" name="test_Logout" time="4.063"/>
</testsuite> <!-- com.hrms.testCases.TC_Ogranization -->
