<?xml version="1.0" encoding="UTF-8"?>
<!-- Generated by org.testng.reporters.JUnitReportReporter -->
<testsuite hostname="DESKTOP-7AKMRUB" failures="0" tests="3" name="com.hrms.testCases.TC_MyCalendar" time="85.734" errors="0" timestamp="2023-08-18T18:59:14 IST" skipped="0">
  <testcase classname="com.hrms.testCases.TC_MyCalendar" name="test_Login" time="7.645"/>
  <testcase classname="com.hrms.testCases.TC_MyCalendar" name="test_VisitMyCalendarContentMonthWiseView" time="68.496"/>
  <testcase classname="com.hrms.testCases.TC_MyCalendar" name="test_Logout" time="9.593"/>
</testsuite> <!-- com.hrms.testCases.TC_MyCalendar -->
