<?xml version="1.0" encoding="UTF-8"?>
<!-- Generated by org.testng.reporters.JUnitReportReporter -->
<testsuite hostname="DESKTOP-7AKMRUB" failures="0" tests="3" name="com.hrms.testCases.TC_DailyUpdates" time="47.099" errors="0" timestamp="2023-08-28T10:16:59 IST" skipped="0">
  <testcase classname="com.hrms.testCases.TC_DailyUpdates" name="test_Login" time="4.345"/>
  <testcase classname="com.hrms.testCases.TC_DailyUpdates" name="test_CreateDailyUpdates" time="38.000"/>
  <testcase classname="com.hrms.testCases.TC_DailyUpdates" name="test_Logout" time="4.754"/>
</testsuite> <!-- com.hrms.testCases.TC_DailyUpdates -->
