<?xml version="1.0" encoding="UTF-8"?>
<!-- Generated by org.testng.reporters.JUnitReportReporter -->
<testsuite hostname="DESKTOP-7AKMRUB" failures="0" tests="3" name="com.hrms.testCases.TC_UsersPermissinos" time="41.204" errors="0" timestamp="2023-08-21T16:30:46 IST" skipped="0">
  <testcase classname="com.hrms.testCases.TC_UsersPermissinos" name="test_Login" time="6.775"/>
  <testcase classname="com.hrms.testCases.TC_UsersPermissinos" name="test_UserPermissinAssignmentDropDown" time="25.368"/>
  <testcase classname="com.hrms.testCases.TC_UsersPermissinos" name="test_Logout" time="9.061"/>
</testsuite> <!-- com.hrms.testCases.TC_UsersPermissinos -->
