<?xml version="1.0" encoding="UTF-8"?>
<!-- Generated by org.testng.reporters.JUnitReportReporter -->
<testsuite hostname="DESKTOP-7AKMRUB" failures="0" tests="4" name="com.hrms.testCases.TC_Users" time="46.873" errors="0" timestamp="2023-08-16T18:53:01 IST" skipped="0">
  <testcase classname="com.hrms.testCases.TC_Users" name="test_Login" time="10.636"/>
  <testcase classname="com.hrms.testCases.TC_Users" name="test_ActivateUser" time="13.650"/>
  <testcase classname="com.hrms.testCases.TC_Users" name="test_DeActivateUser" time="16.070"/>
  <testcase classname="com.hrms.testCases.TC_Users" name="test_Logout" time="6.517"/>
</testsuite> <!-- com.hrms.testCases.TC_Users -->
