<?xml version="1.0" encoding="UTF-8"?>
<!-- Generated by org.testng.reporters.JUnitReportReporter -->
<testsuite hostname="DESKTOP-7AKMRUB" failures="0" tests="3" name="com.hrms.testCases.TC_Ogranization" time="36.757" errors="0" timestamp="2023-08-28T23:56:48 IST" skipped="0">
  <testcase classname="com.hrms.testCases.TC_Ogranization" name="test_Login" time="4.404"/>
  <testcase classname="com.hrms.testCases.TC_Ogranization" name="test_CreateOrganization" time="28.206"/>
  <testcase classname="com.hrms.testCases.TC_Ogranization" name="test_Logout" time="4.147"/>
</testsuite> <!-- com.hrms.testCases.TC_Ogranization -->
