<?xml version="1.0" encoding="UTF-8"?>
<!-- Generated by org.testng.reporters.JUnitReportReporter -->
<testsuite hostname="DESKTOP-7AKMRUB" failures="0" tests="3" name="com.hrms.testCases.TC_LeaveBalance" time="38.410" errors="0" timestamp="2023-08-14T16:50:01 IST" skipped="0">
  <testcase classname="com.hrms.testCases.TC_LeaveBalance" name="test_Login" time="12.691"/>
  <testcase classname="com.hrms.testCases.TC_LeaveBalance" name="test_ArchiveLeaveBalance" time="19.221"/>
  <testcase classname="com.hrms.testCases.TC_LeaveBalance" name="test_Logout" time="6.498"/>
</testsuite> <!-- com.hrms.testCases.TC_LeaveBalance -->
