<?xml version="1.0" encoding="UTF-8"?>
<!-- Generated by org.testng.reporters.JUnitReportReporter -->
<testsuite hostname="DESKTOP-7AKMRUB" failures="0" tests="3" name="com.hrms.testCases.TC_UsersProfile_ResetPassword" time="34.721" errors="0" timestamp="2023-08-21T10:50:49 IST" skipped="0">
  <testcase classname="com.hrms.testCases.TC_UsersProfile_ResetPassword" name="test_Login" time="7.688"/>
  <testcase classname="com.hrms.testCases.TC_UsersProfile_ResetPassword" name="test_UsersProfile_AddressDetails" time="18.061"/>
  <testcase classname="com.hrms.testCases.TC_UsersProfile_ResetPassword" name="test_Logout" time="8.972"/>
</testsuite> <!-- com.hrms.testCases.TC_UsersProfile_ResetPassword -->
