<?xml version="1.0" encoding="UTF-8"?>
<!-- Generated by org.testng.reporters.JUnitReportReporter -->
<testsuite hostname="DESKTOP-7AKMRUB" failures="0" tests="3" name="com.hrms.testCases.TC_DailyUpdates" time="41.202" errors="0" timestamp="2023-08-23T16:13:06 IST" skipped="0">
  <testcase classname="com.hrms.testCases.TC_DailyUpdates" name="test_Login" time="2.352"/>
  <testcase classname="com.hrms.testCases.TC_DailyUpdates" name="test_CreateDailyUpdates" time="30.462"/>
  <testcase classname="com.hrms.testCases.TC_DailyUpdates" name="test_Logout" time="8.388"/>
</testsuite> <!-- com.hrms.testCases.TC_DailyUpdates -->
